[Fri Jan 04 18:00:09 CET 2019] picard.sam.FastqToSam FASTQ=/scratch/el/monthly/bdeplanc/pezoldt/Data/Organoid/Test/DISCO-test/Disco_on_chip_S3_R1_001.fastq.gz FASTQ2=/scratch/el/monthly/bdeplanc/pezoldt/Data/Organoid/Test/DISCO-test/Disco_on_chip_S3_R2_001.fastq.gz QUALITY_FORMAT=Standard OUTPUT=/scratch/el/monthly/bdeplanc/pezoldt/Analysis/Organoid/BAM/Disco_on_chip_S3.bam SAMPLE_NAME=Disco_on_chip_S3    USE_SEQUENTIAL_FASTQS=false READ_GROUP_NAME=A SORT_ORDER=queryname MIN_Q=0 MAX_Q=93 STRIP_UNPAIRED_MATE_NUMBER=false ALLOW_AND_IGNORE_EMPTY_LINES=false VERBOSITY=INFO QUIET=false VALIDATION_STRINGENCY=STRICT COMPRESSION_LEVEL=5 MAX_RECORDS_IN_RAM=500000 CREATE_INDEX=false CREATE_MD5_FILE=false GA4GH_CLIENT_SECRETS=client_secrets.json
[Fri Jan 04 18:00:09 CET 2019] Executing as bdeplanc@cpt09.el.vital-it.ch on Linux 2.6.32-696.23.1.el6.x86_64 amd64; Java HotSpot(TM) 64-Bit Server VM 1.8.0_112-b15; Picard version: 2.10.3-SNAPSHOT
INFO	2019-01-04 18:00:09	FastqToSam	Auto-detected quality format as: Standard.
INFO	2019-01-04 18:00:15	FastqToSam	Processed     1,000,000 records.  Elapsed time: 00:00:06s.  Time for last 1,000,000:    6s.  Last read position: */*
INFO	2019-01-04 18:00:23	FastqToSam	Processed     2,000,000 records.  Elapsed time: 00:00:14s.  Time for last 1,000,000:    7s.  Last read position: */*
INFO	2019-01-04 18:00:31	FastqToSam	Processed     3,000,000 records.  Elapsed time: 00:00:21s.  Time for last 1,000,000:    7s.  Last read position: */*
INFO	2019-01-04 18:00:38	FastqToSam	Processed     4,000,000 records.  Elapsed time: 00:00:29s.  Time for last 1,000,000:    7s.  Last read position: */*
INFO	2019-01-04 18:00:46	FastqToSam	Processed     5,000,000 records.  Elapsed time: 00:00:37s.  Time for last 1,000,000:    7s.  Last read position: */*
INFO	2019-01-04 18:00:54	FastqToSam	Processed     6,000,000 records.  Elapsed time: 00:00:44s.  Time for last 1,000,000:    7s.  Last read position: */*
INFO	2019-01-04 18:01:01	FastqToSam	Processed     7,000,000 records.  Elapsed time: 00:00:52s.  Time for last 1,000,000:    7s.  Last read position: */*
INFO	2019-01-04 18:01:09	FastqToSam	Processed     8,000,000 records.  Elapsed time: 00:00:59s.  Time for last 1,000,000:    7s.  Last read position: */*
INFO	2019-01-04 18:01:16	FastqToSam	Processed     9,000,000 records.  Elapsed time: 00:01:06s.  Time for last 1,000,000:    7s.  Last read position: */*
INFO	2019-01-04 18:01:23	FastqToSam	Processed    10,000,000 records.  Elapsed time: 00:01:14s.  Time for last 1,000,000:    7s.  Last read position: */*
INFO	2019-01-04 18:01:31	FastqToSam	Processed    11,000,000 records.  Elapsed time: 00:01:21s.  Time for last 1,000,000:    7s.  Last read position: */*
INFO	2019-01-04 18:01:38	FastqToSam	Processed    12,000,000 records.  Elapsed time: 00:01:29s.  Time for last 1,000,000:    7s.  Last read position: */*
INFO	2019-01-04 18:01:45	FastqToSam	Processed    13,000,000 records.  Elapsed time: 00:01:36s.  Time for last 1,000,000:    7s.  Last read position: */*
INFO	2019-01-04 18:01:53	FastqToSam	Processed    14,000,000 records.  Elapsed time: 00:01:44s.  Time for last 1,000,000:    7s.  Last read position: */*
INFO	2019-01-04 18:02:01	FastqToSam	Processed    15,000,000 records.  Elapsed time: 00:01:51s.  Time for last 1,000,000:    7s.  Last read position: */*
INFO	2019-01-04 18:02:08	FastqToSam	Processed    16,000,000 records.  Elapsed time: 00:01:58s.  Time for last 1,000,000:    7s.  Last read position: */*
INFO	2019-01-04 18:02:15	FastqToSam	Processed    17,000,000 records.  Elapsed time: 00:02:05s.  Time for last 1,000,000:    7s.  Last read position: */*
INFO	2019-01-04 18:02:22	FastqToSam	Processed    18,000,000 records.  Elapsed time: 00:02:13s.  Time for last 1,000,000:    7s.  Last read position: */*
INFO	2019-01-04 18:02:29	FastqToSam	Processed    19,000,000 records.  Elapsed time: 00:02:20s.  Time for last 1,000,000:    7s.  Last read position: */*
INFO	2019-01-04 18:02:36	FastqToSam	Processed    20,000,000 records.  Elapsed time: 00:02:27s.  Time for last 1,000,000:    7s.  Last read position: */*
INFO	2019-01-04 18:02:45	FastqToSam	Processed    21,000,000 records.  Elapsed time: 00:02:35s.  Time for last 1,000,000:    8s.  Last read position: */*
INFO	2019-01-04 18:02:52	FastqToSam	Processed    22,000,000 records.  Elapsed time: 00:02:43s.  Time for last 1,000,000:    7s.  Last read position: */*
INFO	2019-01-04 18:02:59	FastqToSam	Processed    23,000,000 records.  Elapsed time: 00:02:50s.  Time for last 1,000,000:    7s.  Last read position: */*
INFO	2019-01-04 18:03:06	FastqToSam	Processed    24,000,000 records.  Elapsed time: 00:02:57s.  Time for last 1,000,000:    7s.  Last read position: */*
INFO	2019-01-04 18:03:13	FastqToSam	Processed    25,000,000 records.  Elapsed time: 00:03:04s.  Time for last 1,000,000:    7s.  Last read position: */*
INFO	2019-01-04 18:03:20	FastqToSam	Processed    26,000,000 records.  Elapsed time: 00:03:11s.  Time for last 1,000,000:    7s.  Last read position: */*
INFO	2019-01-04 18:03:27	FastqToSam	Processed    27,000,000 records.  Elapsed time: 00:03:18s.  Time for last 1,000,000:    7s.  Last read position: */*
INFO	2019-01-04 18:03:36	FastqToSam	Processed    28,000,000 records.  Elapsed time: 00:03:27s.  Time for last 1,000,000:    8s.  Last read position: */*
INFO	2019-01-04 18:03:44	FastqToSam	Processed    29,000,000 records.  Elapsed time: 00:03:34s.  Time for last 1,000,000:    7s.  Last read position: */*
INFO	2019-01-04 18:03:52	FastqToSam	Processed    30,000,000 records.  Elapsed time: 00:03:42s.  Time for last 1,000,000:    7s.  Last read position: */*
INFO	2019-01-04 18:03:58	FastqToSam	Processed 15452953 fastq reads
[Fri Jan 04 18:08:18 CET 2019] picard.sam.FastqToSam done. Elapsed time: 8.15 minutes.
Runtime.totalMemory()=11965300736
[Fri Jan 04 18:08:19 CET 2019] org.broadinstitute.dropseqrna.utils.TagBamWithReadSequenceExtended INPUT=/scratch/el/monthly/bdeplanc/pezoldt/Analysis/Organoid/BAM/Disco_on_chip_S3.bam OUTPUT=/scratch/el/monthly/bdeplanc/pezoldt/Analysis/Organoid/BAM/Disco_on_chip_S3.cTag.bam SUMMARY=/scratch/el/monthly/bdeplanc/pezoldt/Analysis/Organoid/Results/cellular_tag_summary.txt BASE_RANGE=1-12 BARCODED_READ=1 DISCARD_READ=false BASE_QUALITY=10 NUM_BASES_BELOW_QUALITY=1 TAG_NAME=XC    TAG_BARCODED_READ=false HARD_CLIP_BASES=false VERBOSITY=INFO QUIET=false VALIDATION_STRINGENCY=STRICT COMPRESSION_LEVEL=5 MAX_RECORDS_IN_RAM=500000 CREATE_INDEX=false CREATE_MD5_FILE=false GA4GH_CLIENT_SECRETS=client_secrets.json
[Fri Jan 04 18:08:19 CET 2019] Executing as bdeplanc@cpt09.el.vital-it.ch on Linux 2.6.32-696.23.1.el6.x86_64 amd64; Java HotSpot(TM) 64-Bit Server VM 1.8.0_112-b15; Picard version: 1.13(7bed8f4_1513008033)
INFO	2019-01-04 18:08:30	TagBamWithReadSequenceExtended	Processed     1,000,000 records.  Elapsed time: 00:00:11s.  Time for last 1,000,000:   11s.  Last read position: */*
INFO	2019-01-04 18:08:42	TagBamWithReadSequenceExtended	Processed     2,000,000 records.  Elapsed time: 00:00:23s.  Time for last 1,000,000:   11s.  Last read position: */*
INFO	2019-01-04 18:08:53	TagBamWithReadSequenceExtended	Processed     3,000,000 records.  Elapsed time: 00:00:34s.  Time for last 1,000,000:   11s.  Last read position: */*
INFO	2019-01-04 18:09:04	TagBamWithReadSequenceExtended	Processed     4,000,000 records.  Elapsed time: 00:00:45s.  Time for last 1,000,000:   10s.  Last read position: */*
INFO	2019-01-04 18:09:15	TagBamWithReadSequenceExtended	Processed     5,000,000 records.  Elapsed time: 00:00:55s.  Time for last 1,000,000:   10s.  Last read position: */*
INFO	2019-01-04 18:09:26	TagBamWithReadSequenceExtended	Processed     6,000,000 records.  Elapsed time: 00:01:06s.  Time for last 1,000,000:   10s.  Last read position: */*
INFO	2019-01-04 18:09:36	TagBamWithReadSequenceExtended	Processed     7,000,000 records.  Elapsed time: 00:01:17s.  Time for last 1,000,000:   10s.  Last read position: */*
INFO	2019-01-04 18:09:47	TagBamWithReadSequenceExtended	Processed     8,000,000 records.  Elapsed time: 00:01:28s.  Time for last 1,000,000:   10s.  Last read position: */*
INFO	2019-01-04 18:09:58	TagBamWithReadSequenceExtended	Processed     9,000,000 records.  Elapsed time: 00:01:39s.  Time for last 1,000,000:   11s.  Last read position: */*
INFO	2019-01-04 18:10:09	TagBamWithReadSequenceExtended	Processed    10,000,000 records.  Elapsed time: 00:01:50s.  Time for last 1,000,000:   10s.  Last read position: */*
INFO	2019-01-04 18:10:20	TagBamWithReadSequenceExtended	Processed    11,000,000 records.  Elapsed time: 00:02:01s.  Time for last 1,000,000:   10s.  Last read position: */*
INFO	2019-01-04 18:10:31	TagBamWithReadSequenceExtended	Processed    12,000,000 records.  Elapsed time: 00:02:12s.  Time for last 1,000,000:   10s.  Last read position: */*
INFO	2019-01-04 18:10:42	TagBamWithReadSequenceExtended	Processed    13,000,000 records.  Elapsed time: 00:02:23s.  Time for last 1,000,000:   10s.  Last read position: */*
INFO	2019-01-04 18:10:53	TagBamWithReadSequenceExtended	Processed    14,000,000 records.  Elapsed time: 00:02:34s.  Time for last 1,000,000:   10s.  Last read position: */*
INFO	2019-01-04 18:11:04	TagBamWithReadSequenceExtended	Processed    15,000,000 records.  Elapsed time: 00:02:44s.  Time for last 1,000,000:   10s.  Last read position: */*
INFO	2019-01-04 18:11:15	TagBamWithReadSequenceExtended	Processed    16,000,000 records.  Elapsed time: 00:02:55s.  Time for last 1,000,000:   10s.  Last read position: */*
INFO	2019-01-04 18:11:26	TagBamWithReadSequenceExtended	Processed    17,000,000 records.  Elapsed time: 00:03:07s.  Time for last 1,000,000:   11s.  Last read position: */*
INFO	2019-01-04 18:11:37	TagBamWithReadSequenceExtended	Processed    18,000,000 records.  Elapsed time: 00:03:18s.  Time for last 1,000,000:   11s.  Last read position: */*
INFO	2019-01-04 18:11:48	TagBamWithReadSequenceExtended	Processed    19,000,000 records.  Elapsed time: 00:03:29s.  Time for last 1,000,000:   10s.  Last read position: */*
INFO	2019-01-04 18:11:59	TagBamWithReadSequenceExtended	Processed    20,000,000 records.  Elapsed time: 00:03:40s.  Time for last 1,000,000:   11s.  Last read position: */*
INFO	2019-01-04 18:12:10	TagBamWithReadSequenceExtended	Processed    21,000,000 records.  Elapsed time: 00:03:51s.  Time for last 1,000,000:   10s.  Last read position: */*
INFO	2019-01-04 18:12:21	TagBamWithReadSequenceExtended	Processed    22,000,000 records.  Elapsed time: 00:04:02s.  Time for last 1,000,000:   10s.  Last read position: */*
INFO	2019-01-04 18:12:33	TagBamWithReadSequenceExtended	Processed    23,000,000 records.  Elapsed time: 00:04:13s.  Time for last 1,000,000:   11s.  Last read position: */*
INFO	2019-01-04 18:12:44	TagBamWithReadSequenceExtended	Processed    24,000,000 records.  Elapsed time: 00:04:24s.  Time for last 1,000,000:   11s.  Last read position: */*
INFO	2019-01-04 18:12:55	TagBamWithReadSequenceExtended	Processed    25,000,000 records.  Elapsed time: 00:04:35s.  Time for last 1,000,000:   10s.  Last read position: */*
INFO	2019-01-04 18:13:06	TagBamWithReadSequenceExtended	Processed    26,000,000 records.  Elapsed time: 00:04:46s.  Time for last 1,000,000:   10s.  Last read position: */*
INFO	2019-01-04 18:13:16	TagBamWithReadSequenceExtended	Processed    27,000,000 records.  Elapsed time: 00:04:57s.  Time for last 1,000,000:   10s.  Last read position: */*
INFO	2019-01-04 18:13:27	TagBamWithReadSequenceExtended	Processed    28,000,000 records.  Elapsed time: 00:05:08s.  Time for last 1,000,000:   11s.  Last read position: */*
INFO	2019-01-04 18:13:38	TagBamWithReadSequenceExtended	Processed    29,000,000 records.  Elapsed time: 00:05:19s.  Time for last 1,000,000:   10s.  Last read position: */*
INFO	2019-01-04 18:13:49	TagBamWithReadSequenceExtended	Processed    30,000,000 records.  Elapsed time: 00:05:30s.  Time for last 1,000,000:   10s.  Last read position: */*
[Fri Jan 04 18:13:59 CET 2019] org.broadinstitute.dropseqrna.utils.TagBamWithReadSequenceExtended done. Elapsed time: 5.68 minutes.
Runtime.totalMemory()=1514668032
[Fri Jan 04 18:14:00 CET 2019] org.broadinstitute.dropseqrna.utils.TagBamWithReadSequenceExtended INPUT=/scratch/el/monthly/bdeplanc/pezoldt/Analysis/Organoid/BAM/Disco_on_chip_S3.cTag.bam OUTPUT=/scratch/el/monthly/bdeplanc/pezoldt/Analysis/Organoid/BAM/Disco_on_chip_S3.cTag.mTag.bam SUMMARY=/scratch/el/monthly/bdeplanc/pezoldt/Analysis/Organoid/Results/molecular_tag_summary.txt BASE_RANGE=13-20 BARCODED_READ=1 DISCARD_READ=true BASE_QUALITY=10 NUM_BASES_BELOW_QUALITY=1 TAG_NAME=XM    TAG_BARCODED_READ=false HARD_CLIP_BASES=false VERBOSITY=INFO QUIET=false VALIDATION_STRINGENCY=STRICT COMPRESSION_LEVEL=5 MAX_RECORDS_IN_RAM=500000 CREATE_INDEX=false CREATE_MD5_FILE=false GA4GH_CLIENT_SECRETS=client_secrets.json
[Fri Jan 04 18:14:00 CET 2019] Executing as bdeplanc@cpt09.el.vital-it.ch on Linux 2.6.32-696.23.1.el6.x86_64 amd64; Java HotSpot(TM) 64-Bit Server VM 1.8.0_112-b15; Picard version: 1.13(7bed8f4_1513008033)
INFO	2019-01-04 18:14:11	TagBamWithReadSequenceExtended	Processed     1,000,000 records.  Elapsed time: 00:00:10s.  Time for last 1,000,000:   10s.  Last read position: */*
INFO	2019-01-04 18:14:21	TagBamWithReadSequenceExtended	Processed     2,000,000 records.  Elapsed time: 00:00:21s.  Time for last 1,000,000:   10s.  Last read position: */*
INFO	2019-01-04 18:14:31	TagBamWithReadSequenceExtended	Processed     3,000,000 records.  Elapsed time: 00:00:31s.  Time for last 1,000,000:    9s.  Last read position: */*
INFO	2019-01-04 18:14:41	TagBamWithReadSequenceExtended	Processed     4,000,000 records.  Elapsed time: 00:00:40s.  Time for last 1,000,000:    9s.  Last read position: */*
INFO	2019-01-04 18:14:51	TagBamWithReadSequenceExtended	Processed     5,000,000 records.  Elapsed time: 00:00:50s.  Time for last 1,000,000:    9s.  Last read position: */*
INFO	2019-01-04 18:15:01	TagBamWithReadSequenceExtended	Processed     6,000,000 records.  Elapsed time: 00:01:00s.  Time for last 1,000,000:    9s.  Last read position: */*
INFO	2019-01-04 18:15:11	TagBamWithReadSequenceExtended	Processed     7,000,000 records.  Elapsed time: 00:01:10s.  Time for last 1,000,000:    9s.  Last read position: */*
INFO	2019-01-04 18:15:21	TagBamWithReadSequenceExtended	Processed     8,000,000 records.  Elapsed time: 00:01:20s.  Time for last 1,000,000:    9s.  Last read position: */*
INFO	2019-01-04 18:15:31	TagBamWithReadSequenceExtended	Processed     9,000,000 records.  Elapsed time: 00:01:30s.  Time for last 1,000,000:    9s.  Last read position: */*
INFO	2019-01-04 18:15:41	TagBamWithReadSequenceExtended	Processed    10,000,000 records.  Elapsed time: 00:01:40s.  Time for last 1,000,000:   10s.  Last read position: */*
INFO	2019-01-04 18:15:51	TagBamWithReadSequenceExtended	Processed    11,000,000 records.  Elapsed time: 00:01:50s.  Time for last 1,000,000:    9s.  Last read position: */*
INFO	2019-01-04 18:16:01	TagBamWithReadSequenceExtended	Processed    12,000,000 records.  Elapsed time: 00:02:00s.  Time for last 1,000,000:    9s.  Last read position: */*
INFO	2019-01-04 18:16:11	TagBamWithReadSequenceExtended	Processed    13,000,000 records.  Elapsed time: 00:02:10s.  Time for last 1,000,000:    9s.  Last read position: */*
INFO	2019-01-04 18:16:21	TagBamWithReadSequenceExtended	Processed    14,000,000 records.  Elapsed time: 00:02:20s.  Time for last 1,000,000:   10s.  Last read position: */*
INFO	2019-01-04 18:16:31	TagBamWithReadSequenceExtended	Processed    15,000,000 records.  Elapsed time: 00:02:30s.  Time for last 1,000,000:    9s.  Last read position: */*
INFO	2019-01-04 18:16:41	TagBamWithReadSequenceExtended	Processed    16,000,000 records.  Elapsed time: 00:02:40s.  Time for last 1,000,000:    9s.  Last read position: */*
INFO	2019-01-04 18:16:51	TagBamWithReadSequenceExtended	Processed    17,000,000 records.  Elapsed time: 00:02:51s.  Time for last 1,000,000:   10s.  Last read position: */*
INFO	2019-01-04 18:17:01	TagBamWithReadSequenceExtended	Processed    18,000,000 records.  Elapsed time: 00:03:01s.  Time for last 1,000,000:   10s.  Last read position: */*
INFO	2019-01-04 18:17:11	TagBamWithReadSequenceExtended	Processed    19,000,000 records.  Elapsed time: 00:03:11s.  Time for last 1,000,000:   10s.  Last read position: */*
INFO	2019-01-04 18:17:21	TagBamWithReadSequenceExtended	Processed    20,000,000 records.  Elapsed time: 00:03:21s.  Time for last 1,000,000:    9s.  Last read position: */*
INFO	2019-01-04 18:17:31	TagBamWithReadSequenceExtended	Processed    21,000,000 records.  Elapsed time: 00:03:30s.  Time for last 1,000,000:    9s.  Last read position: */*
INFO	2019-01-04 18:17:41	TagBamWithReadSequenceExtended	Processed    22,000,000 records.  Elapsed time: 00:03:40s.  Time for last 1,000,000:    9s.  Last read position: */*
INFO	2019-01-04 18:17:51	TagBamWithReadSequenceExtended	Processed    23,000,000 records.  Elapsed time: 00:03:50s.  Time for last 1,000,000:    9s.  Last read position: */*
INFO	2019-01-04 18:18:01	TagBamWithReadSequenceExtended	Processed    24,000,000 records.  Elapsed time: 00:04:00s.  Time for last 1,000,000:   10s.  Last read position: */*
INFO	2019-01-04 18:18:11	TagBamWithReadSequenceExtended	Processed    25,000,000 records.  Elapsed time: 00:04:10s.  Time for last 1,000,000:    9s.  Last read position: */*
INFO	2019-01-04 18:18:20	TagBamWithReadSequenceExtended	Processed    26,000,000 records.  Elapsed time: 00:04:20s.  Time for last 1,000,000:    9s.  Last read position: */*
INFO	2019-01-04 18:18:31	TagBamWithReadSequenceExtended	Processed    27,000,000 records.  Elapsed time: 00:04:30s.  Time for last 1,000,000:   10s.  Last read position: */*
INFO	2019-01-04 18:18:41	TagBamWithReadSequenceExtended	Processed    28,000,000 records.  Elapsed time: 00:04:40s.  Time for last 1,000,000:    9s.  Last read position: */*
INFO	2019-01-04 18:18:50	TagBamWithReadSequenceExtended	Processed    29,000,000 records.  Elapsed time: 00:04:49s.  Time for last 1,000,000:    9s.  Last read position: */*
INFO	2019-01-04 18:19:00	TagBamWithReadSequenceExtended	Processed    30,000,000 records.  Elapsed time: 00:04:59s.  Time for last 1,000,000:    9s.  Last read position: */*
[Fri Jan 04 18:19:09 CET 2019] org.broadinstitute.dropseqrna.utils.TagBamWithReadSequenceExtended done. Elapsed time: 5.15 minutes.
Runtime.totalMemory()=1505230848
[Fri Jan 04 18:19:10 CET 2019] org.broadinstitute.dropseqrna.utils.FilterBAM INPUT=/scratch/el/monthly/bdeplanc/pezoldt/Analysis/Organoid/BAM/Disco_on_chip_S3.cTag.mTag.bam OUTPUT=/scratch/el/monthly/bdeplanc/pezoldt/Analysis/Organoid/BAM/Disco_on_chip_S3.cTag.mTag.filtered.bam TAG_REJECT=[XQ]    FILTER_PCR_DUPES=false RETAIN_ONLY_PRIMARY_READS=false DROP_REJECTED_REF=false VERBOSITY=INFO QUIET=false VALIDATION_STRINGENCY=STRICT COMPRESSION_LEVEL=5 MAX_RECORDS_IN_RAM=500000 CREATE_INDEX=false CREATE_MD5_FILE=false GA4GH_CLIENT_SECRETS=client_secrets.json
[Fri Jan 04 18:19:10 CET 2019] Executing as bdeplanc@cpt09.el.vital-it.ch on Linux 2.6.32-696.23.1.el6.x86_64 amd64; Java HotSpot(TM) 64-Bit Server VM 1.8.0_112-b15; Picard version: 1.13(7bed8f4_1513008033)
INFO	2019-01-04 18:19:26	FilterBAM	Processed     1,000,000 records.  Elapsed time: 00:00:15s.  Time for last 1,000,000:   15s.  Last read position: */*
INFO	2019-01-04 18:19:41	FilterBAM	Processed     2,000,000 records.  Elapsed time: 00:00:31s.  Time for last 1,000,000:   15s.  Last read position: */*
INFO	2019-01-04 18:19:56	FilterBAM	Processed     3,000,000 records.  Elapsed time: 00:00:46s.  Time for last 1,000,000:   14s.  Last read position: */*
INFO	2019-01-04 18:20:11	FilterBAM	Processed     4,000,000 records.  Elapsed time: 00:01:00s.  Time for last 1,000,000:   14s.  Last read position: */*
INFO	2019-01-04 18:20:26	FilterBAM	Processed     5,000,000 records.  Elapsed time: 00:01:15s.  Time for last 1,000,000:   14s.  Last read position: */*
INFO	2019-01-04 18:20:41	FilterBAM	Processed     6,000,000 records.  Elapsed time: 00:01:30s.  Time for last 1,000,000:   15s.  Last read position: */*
INFO	2019-01-04 18:20:56	FilterBAM	Processed     7,000,000 records.  Elapsed time: 00:01:45s.  Time for last 1,000,000:   15s.  Last read position: */*
INFO	2019-01-04 18:21:11	FilterBAM	Processed     8,000,000 records.  Elapsed time: 00:02:00s.  Time for last 1,000,000:   14s.  Last read position: */*
INFO	2019-01-04 18:21:26	FilterBAM	Processed     9,000,000 records.  Elapsed time: 00:02:16s.  Time for last 1,000,000:   15s.  Last read position: */*
INFO	2019-01-04 18:21:41	FilterBAM	Processed    10,000,000 records.  Elapsed time: 00:02:31s.  Time for last 1,000,000:   14s.  Last read position: */*
INFO	2019-01-04 18:21:56	FilterBAM	Processed    11,000,000 records.  Elapsed time: 00:02:46s.  Time for last 1,000,000:   15s.  Last read position: */*
INFO	2019-01-04 18:22:11	FilterBAM	Processed    12,000,000 records.  Elapsed time: 00:03:01s.  Time for last 1,000,000:   14s.  Last read position: */*
INFO	2019-01-04 18:22:26	FilterBAM	Processed    13,000,000 records.  Elapsed time: 00:03:16s.  Time for last 1,000,000:   15s.  Last read position: */*
INFO	2019-01-04 18:22:41	FilterBAM	Processed    14,000,000 records.  Elapsed time: 00:03:30s.  Time for last 1,000,000:   14s.  Last read position: */*
INFO	2019-01-04 18:22:56	FilterBAM	Processed    15,000,000 records.  Elapsed time: 00:03:45s.  Time for last 1,000,000:   14s.  Last read position: */*
[Fri Jan 04 18:23:03 CET 2019] org.broadinstitute.dropseqrna.utils.FilterBAM done. Elapsed time: 3.88 minutes.
Runtime.totalMemory()=1700790272
[Fri Jan 04 18:23:03 CET 2019] org.broadinstitute.dropseqrna.readtrimming.TrimStartingSequence INPUT=/scratch/el/monthly/bdeplanc/pezoldt/Analysis/Organoid/BAM/Disco_on_chip_S3.cTag.mTag.filtered.bam OUTPUT=/scratch/el/monthly/bdeplanc/pezoldt/Analysis/Organoid/BAM/Disco_on_chip_S3.cTag.mTag.filtered.adapTrimmed.bam OUTPUT_SUMMARY=/scratch/el/monthly/bdeplanc/pezoldt/Analysis/Organoid/Results/adapter_trimming_summary.txt SEQUENCE=AAGCAGTGGTATCAACGCAGAGTGAATGGG MISMATCHES=0 NUM_BASES=5    TRIM_TAG=ZS VERBOSITY=INFO QUIET=false VALIDATION_STRINGENCY=STRICT COMPRESSION_LEVEL=5 MAX_RECORDS_IN_RAM=500000 CREATE_INDEX=false CREATE_MD5_FILE=false GA4GH_CLIENT_SECRETS=client_secrets.json
[Fri Jan 04 18:23:03 CET 2019] Executing as bdeplanc@cpt09.el.vital-it.ch on Linux 2.6.32-696.23.1.el6.x86_64 amd64; Java HotSpot(TM) 64-Bit Server VM 1.8.0_112-b15; Picard version: 1.13(7bed8f4_1513008033)
INFO	2019-01-04 18:23:20	TrimStartingSequence	Processed     1,000,000 records.  Elapsed time: 00:00:17s.  Time for last 1,000,000:   16s.  Last read position: */*
INFO	2019-01-04 18:23:37	TrimStartingSequence	Processed     2,000,000 records.  Elapsed time: 00:00:33s.  Time for last 1,000,000:   16s.  Last read position: */*
INFO	2019-01-04 18:23:52	TrimStartingSequence	Processed     3,000,000 records.  Elapsed time: 00:00:48s.  Time for last 1,000,000:   15s.  Last read position: */*
INFO	2019-01-04 18:24:08	TrimStartingSequence	Processed     4,000,000 records.  Elapsed time: 00:01:04s.  Time for last 1,000,000:   15s.  Last read position: */*
INFO	2019-01-04 18:24:24	TrimStartingSequence	Processed     5,000,000 records.  Elapsed time: 00:01:20s.  Time for last 1,000,000:   15s.  Last read position: */*
INFO	2019-01-04 18:24:40	TrimStartingSequence	Processed     6,000,000 records.  Elapsed time: 00:01:36s.  Time for last 1,000,000:   16s.  Last read position: */*
INFO	2019-01-04 18:24:56	TrimStartingSequence	Processed     7,000,000 records.  Elapsed time: 00:01:52s.  Time for last 1,000,000:   15s.  Last read position: */*
INFO	2019-01-04 18:25:12	TrimStartingSequence	Processed     8,000,000 records.  Elapsed time: 00:02:08s.  Time for last 1,000,000:   15s.  Last read position: */*
INFO	2019-01-04 18:25:28	TrimStartingSequence	Processed     9,000,000 records.  Elapsed time: 00:02:24s.  Time for last 1,000,000:   16s.  Last read position: */*
INFO	2019-01-04 18:25:44	TrimStartingSequence	Processed    10,000,000 records.  Elapsed time: 00:02:40s.  Time for last 1,000,000:   15s.  Last read position: */*
INFO	2019-01-04 18:26:00	TrimStartingSequence	Processed    11,000,000 records.  Elapsed time: 00:02:56s.  Time for last 1,000,000:   15s.  Last read position: */*
INFO	2019-01-04 18:26:16	TrimStartingSequence	Processed    12,000,000 records.  Elapsed time: 00:03:12s.  Time for last 1,000,000:   15s.  Last read position: */*
INFO	2019-01-04 18:26:32	TrimStartingSequence	Processed    13,000,000 records.  Elapsed time: 00:03:28s.  Time for last 1,000,000:   16s.  Last read position: */*
INFO	2019-01-04 18:26:48	TrimStartingSequence	Processed    14,000,000 records.  Elapsed time: 00:03:44s.  Time for last 1,000,000:   16s.  Last read position: */*
INFO	2019-01-04 18:27:04	TrimStartingSequence	Processed    15,000,000 records.  Elapsed time: 00:04:00s.  Time for last 1,000,000:   15s.  Last read position: */*
INFO	2019-01-04 18:27:11	TrimStartingSequence	Number of reads trimmed: 260253 total reads: 15444814
[Fri Jan 04 18:27:11 CET 2019] org.broadinstitute.dropseqrna.readtrimming.TrimStartingSequence done. Elapsed time: 4.13 minutes.
Runtime.totalMemory()=1624244224
[Fri Jan 04 18:27:12 CET 2019] org.broadinstitute.dropseqrna.readtrimming.PolyATrimmer INPUT=/scratch/el/monthly/bdeplanc/pezoldt/Analysis/Organoid/BAM/Disco_on_chip_S3.cTag.mTag.filtered.adapTrimmed.bam OUTPUT=/scratch/el/monthly/bdeplanc/pezoldt/Analysis/Organoid/BAM/Disco_on_chip_S3.cTag.mTag.filtered.adapTrimmed.polyATrimmed.bam OUTPUT_SUMMARY=/scratch/el/monthly/bdeplanc/pezoldt/Analysis/Organoid/Results/polyA_trimming_summary.txt MISMATCHES=0 NUM_BASES=6    USE_NEW_TRIMMER=false TRIM_TAG=ZP ADAPTER=^XM^XCACGTACTCTGCGTTGCTACCACTG MAX_ADAPTER_ERROR_RATE=0.1 MIN_ADAPTER_MATCH=4 MIN_POLY_A_LENGTH=20 MIN_POLY_A_LENGTH_NO_ADAPTER_MATCH=6 DUBIOUS_ADAPTER_MATCH_LENGTH=6 MAX_POLY_A_ERROR_RATE=0.1 VERBOSITY=INFO QUIET=false VALIDATION_STRINGENCY=STRICT COMPRESSION_LEVEL=5 MAX_RECORDS_IN_RAM=500000 CREATE_INDEX=false CREATE_MD5_FILE=false GA4GH_CLIENT_SECRETS=client_secrets.json
[Fri Jan 04 18:27:12 CET 2019] Executing as bdeplanc@cpt09.el.vital-it.ch on Linux 2.6.32-696.23.1.el6.x86_64 amd64; Java HotSpot(TM) 64-Bit Server VM 1.8.0_112-b15; Picard version: 1.13(7bed8f4_1513008033)
INFO	2019-01-04 18:27:30	PolyATrimmer	Processed     1,000,000 records.  Elapsed time: 00:00:17s.  Time for last 1,000,000:   17s.  Last read position: */*
INFO	2019-01-04 18:27:47	PolyATrimmer	Processed     2,000,000 records.  Elapsed time: 00:00:34s.  Time for last 1,000,000:   17s.  Last read position: */*
INFO	2019-01-04 18:28:03	PolyATrimmer	Processed     3,000,000 records.  Elapsed time: 00:00:51s.  Time for last 1,000,000:   16s.  Last read position: */*
INFO	2019-01-04 18:28:20	PolyATrimmer	Processed     4,000,000 records.  Elapsed time: 00:01:07s.  Time for last 1,000,000:   16s.  Last read position: */*
INFO	2019-01-04 18:28:37	PolyATrimmer	Processed     5,000,000 records.  Elapsed time: 00:01:24s.  Time for last 1,000,000:   16s.  Last read position: */*
INFO	2019-01-04 18:28:54	PolyATrimmer	Processed     6,000,000 records.  Elapsed time: 00:01:41s.  Time for last 1,000,000:   17s.  Last read position: */*
INFO	2019-01-04 18:29:11	PolyATrimmer	Processed     7,000,000 records.  Elapsed time: 00:01:58s.  Time for last 1,000,000:   16s.  Last read position: */*
INFO	2019-01-04 18:29:27	PolyATrimmer	Processed     8,000,000 records.  Elapsed time: 00:02:15s.  Time for last 1,000,000:   16s.  Last read position: */*
INFO	2019-01-04 18:29:44	PolyATrimmer	Processed     9,000,000 records.  Elapsed time: 00:02:32s.  Time for last 1,000,000:   16s.  Last read position: */*
INFO	2019-01-04 18:30:01	PolyATrimmer	Processed    10,000,000 records.  Elapsed time: 00:02:48s.  Time for last 1,000,000:   16s.  Last read position: */*
INFO	2019-01-04 18:30:18	PolyATrimmer	Processed    11,000,000 records.  Elapsed time: 00:03:05s.  Time for last 1,000,000:   16s.  Last read position: */*
INFO	2019-01-04 18:30:35	PolyATrimmer	Processed    12,000,000 records.  Elapsed time: 00:03:22s.  Time for last 1,000,000:   16s.  Last read position: */*
INFO	2019-01-04 18:30:51	PolyATrimmer	Processed    13,000,000 records.  Elapsed time: 00:03:39s.  Time for last 1,000,000:   16s.  Last read position: */*
INFO	2019-01-04 18:31:08	PolyATrimmer	Processed    14,000,000 records.  Elapsed time: 00:03:56s.  Time for last 1,000,000:   16s.  Last read position: */*
INFO	2019-01-04 18:31:25	PolyATrimmer	Processed    15,000,000 records.  Elapsed time: 00:04:13s.  Time for last 1,000,000:   16s.  Last read position: */*
INFO	2019-01-04 18:31:33	PolyATrimmer	Number of reads trimmed: 2195794
INFO	2019-01-04 18:31:33	PolyATrimmer	Number of reads completely trimmed: 78742
[Fri Jan 04 18:31:33 CET 2019] org.broadinstitute.dropseqrna.readtrimming.PolyATrimmer done. Elapsed time: 4.34 minutes.
Runtime.totalMemory()=1598554112
[Fri Jan 04 18:31:33 CET 2019] picard.sam.SamToFastq INPUT=/scratch/el/monthly/bdeplanc/pezoldt/Analysis/Organoid/BAM/Disco_on_chip_S3.cTag.mTag.filtered.adapTrimmed.polyATrimmed.bam FASTQ=/scratch/el/monthly/bdeplanc/pezoldt/Data/Organoid/Test/DISCO-test/Disco_on_chip_S3.fastq.gz    OUTPUT_PER_RG=false RG_TAG=PU RE_REVERSE=true INTERLEAVE=false INCLUDE_NON_PF_READS=false CLIPPING_MIN_LENGTH=0 READ1_TRIM=0 READ2_TRIM=0 INCLUDE_NON_PRIMARY_ALIGNMENTS=false VERBOSITY=INFO QUIET=false VALIDATION_STRINGENCY=STRICT COMPRESSION_LEVEL=5 MAX_RECORDS_IN_RAM=500000 CREATE_INDEX=false CREATE_MD5_FILE=false GA4GH_CLIENT_SECRETS=client_secrets.json
[Fri Jan 04 18:31:33 CET 2019] Executing as bdeplanc@cpt09.el.vital-it.ch on Linux 2.6.32-696.23.1.el6.x86_64 amd64; Java HotSpot(TM) 64-Bit Server VM 1.8.0_112-b15; Picard version: 2.10.3-SNAPSHOT
INFO	2019-01-04 18:31:56	SamToFastq	Processed     1,000,000 records.  Elapsed time: 00:00:22s.  Time for last 1,000,000:   22s.  Last read position: */*
INFO	2019-01-04 18:32:18	SamToFastq	Processed     2,000,000 records.  Elapsed time: 00:00:44s.  Time for last 1,000,000:   21s.  Last read position: */*
INFO	2019-01-04 18:32:39	SamToFastq	Processed     3,000,000 records.  Elapsed time: 00:01:05s.  Time for last 1,000,000:   21s.  Last read position: */*
INFO	2019-01-04 18:33:01	SamToFastq	Processed     4,000,000 records.  Elapsed time: 00:01:27s.  Time for last 1,000,000:   21s.  Last read position: */*
INFO	2019-01-04 18:33:22	SamToFastq	Processed     5,000,000 records.  Elapsed time: 00:01:48s.  Time for last 1,000,000:   21s.  Last read position: */*
INFO	2019-01-04 18:33:44	SamToFastq	Processed     6,000,000 records.  Elapsed time: 00:02:10s.  Time for last 1,000,000:   21s.  Last read position: */*
INFO	2019-01-04 18:34:05	SamToFastq	Processed     7,000,000 records.  Elapsed time: 00:02:31s.  Time for last 1,000,000:   21s.  Last read position: */*
INFO	2019-01-04 18:34:27	SamToFastq	Processed     8,000,000 records.  Elapsed time: 00:02:53s.  Time for last 1,000,000:   21s.  Last read position: */*
INFO	2019-01-04 18:34:49	SamToFastq	Processed     9,000,000 records.  Elapsed time: 00:03:15s.  Time for last 1,000,000:   22s.  Last read position: */*
INFO	2019-01-04 18:35:11	SamToFastq	Processed    10,000,000 records.  Elapsed time: 00:03:37s.  Time for last 1,000,000:   21s.  Last read position: */*
INFO	2019-01-04 18:35:33	SamToFastq	Processed    11,000,000 records.  Elapsed time: 00:03:59s.  Time for last 1,000,000:   22s.  Last read position: */*
INFO	2019-01-04 18:35:55	SamToFastq	Processed    12,000,000 records.  Elapsed time: 00:04:21s.  Time for last 1,000,000:   21s.  Last read position: */*
INFO	2019-01-04 18:36:17	SamToFastq	Processed    13,000,000 records.  Elapsed time: 00:04:43s.  Time for last 1,000,000:   22s.  Last read position: */*
INFO	2019-01-04 18:36:39	SamToFastq	Processed    14,000,000 records.  Elapsed time: 00:05:05s.  Time for last 1,000,000:   21s.  Last read position: */*
INFO	2019-01-04 18:37:01	SamToFastq	Processed    15,000,000 records.  Elapsed time: 00:05:27s.  Time for last 1,000,000:   21s.  Last read position: */*
[Fri Jan 04 18:37:11 CET 2019] picard.sam.SamToFastq done. Elapsed time: 5.62 minutes.
Runtime.totalMemory()=1513619456
[Fri Jan 04 18:45:27 CET 2019] picard.sam.SortSam INPUT=/scratch/el/monthly/bdeplanc/pezoldt/Analysis/Organoid/BAM/Aligned.out.bam OUTPUT=/scratch/el/monthly/bdeplanc/pezoldt/Analysis/Organoid/BAM/Disco_on_chip_S3.sortedByName.bam SORT_ORDER=queryname    VERBOSITY=INFO QUIET=false VALIDATION_STRINGENCY=STRICT COMPRESSION_LEVEL=5 MAX_RECORDS_IN_RAM=500000 CREATE_INDEX=false CREATE_MD5_FILE=false GA4GH_CLIENT_SECRETS=client_secrets.json
[Fri Jan 04 18:45:27 CET 2019] Executing as bdeplanc@cpt09.el.vital-it.ch on Linux 2.6.32-696.23.1.el6.x86_64 amd64; Java HotSpot(TM) 64-Bit Server VM 1.8.0_112-b15; Picard version: 2.10.3-SNAPSHOT
INFO	2019-01-04 18:46:04	SortSam	Finished reading inputs, merging and writing to output now.
[Fri Jan 04 18:47:21 CET 2019] picard.sam.SortSam done. Elapsed time: 1.89 minutes.
Runtime.totalMemory()=6168772608
[Fri Jan 04 18:47:21 CET 2019] picard.sam.MergeBamAlignment UNMAPPED_BAM=/scratch/el/monthly/bdeplanc/pezoldt/Analysis/Organoid/BAM/Disco_on_chip_S3.cTag.mTag.filtered.adapTrimmed.polyATrimmed.bam ALIGNED_BAM=[/scratch/el/monthly/bdeplanc/pezoldt/Analysis/Organoid/BAM/Disco_on_chip_S3.sortedByName.bam] OUTPUT=/scratch/el/monthly/bdeplanc/pezoldt/Analysis/Organoid/BAM/Disco_on_chip_S3.merged.bam REFERENCE_SEQUENCE=/scratch/el/monthly/bdeplanc/marjan/genomes/mouse/mm_m38r91.fa PAIRED_RUN=false    CLIP_ADAPTERS=true IS_BISULFITE_SEQUENCE=false ALIGNED_READS_ONLY=false MAX_INSERTIONS_OR_DELETIONS=1 ATTRIBUTES_TO_REVERSE=[OQ, U2] ATTRIBUTES_TO_REVERSE_COMPLEMENT=[E2, SQ] READ1_TRIM=0 READ2_TRIM=0 ALIGNER_PROPER_PAIR_FLAGS=false SORT_ORDER=coordinate PRIMARY_ALIGNMENT_STRATEGY=BestMapq CLIP_OVERLAPPING_READS=true INCLUDE_SECONDARY_ALIGNMENTS=true ADD_MATE_CIGAR=true UNMAP_CONTAMINANT_READS=false MIN_UNCLIPPED_BASES=32 MATCHING_DICTIONARY_TAGS=[M5, LN] UNMAPPED_READ_STRATEGY=DO_NOT_CHANGE VERBOSITY=INFO QUIET=false VALIDATION_STRINGENCY=STRICT COMPRESSION_LEVEL=5 MAX_RECORDS_IN_RAM=500000 CREATE_INDEX=false CREATE_MD5_FILE=false GA4GH_CLIENT_SECRETS=client_secrets.json
[Fri Jan 04 18:47:21 CET 2019] Executing as bdeplanc@cpt09.el.vital-it.ch on Linux 2.6.32-696.23.1.el6.x86_64 amd64; Java HotSpot(TM) 64-Bit Server VM 1.8.0_112-b15; Picard version: 2.10.3-SNAPSHOT
INFO	2019-01-04 18:47:22	SamAlignmentMerger	Processing SAM file(s): [/scratch/el/monthly/bdeplanc/pezoldt/Analysis/Organoid/BAM/Disco_on_chip_S3.sortedByName.bam]
INFO	2019-01-04 18:47:56	AbstractAlignmentMerger	Merged     1,000,000 records.  Elapsed time: 00:00:34s.  Time for last 1,000,000:   34s.  Last read position: 3:90,613,877
INFO	2019-01-04 18:48:30	AbstractAlignmentMerger	Merged     2,000,000 records.  Elapsed time: 00:01:08s.  Time for last 1,000,000:   33s.  Last read position: 6:35,177,223
INFO	2019-01-04 18:49:03	AbstractAlignmentMerger	Merged     3,000,000 records.  Elapsed time: 00:01:41s.  Time for last 1,000,000:   32s.  Last read position: 9:120,574,299
INFO	2019-01-04 18:49:32	AbstractAlignmentMerger	Merged     4,000,000 records.  Elapsed time: 00:02:10s.  Time for last 1,000,000:   29s.  Last read position: 5:77,349,394
INFO	2019-01-04 18:50:03	AbstractAlignmentMerger	Merged     5,000,000 records.  Elapsed time: 00:02:41s.  Time for last 1,000,000:   31s.  Last read position: 3:90,605,881
INFO	2019-01-04 18:53:31	AbstractAlignmentMerger	Written in coordinate order to output    10,000,000 records.  Elapsed time: 00:03:12s.  Time for last 10,000,000:  190s.  Last read position: */*
INFO	2019-01-04 18:54:47	AbstractAlignmentMerger	Wrote 5438422 alignment records and 10006392 unmapped reads.
[Fri Jan 04 18:54:47 CET 2019] picard.sam.MergeBamAlignment done. Elapsed time: 7.42 minutes.
Runtime.totalMemory()=11713642496
[Fri Jan 04 18:54:48 CET 2019] org.broadinstitute.dropseqrna.metrics.TagReadWithGeneExon INPUT=/scratch/el/monthly/bdeplanc/pezoldt/Analysis/Organoid/BAM/Disco_on_chip_S3.merged.bam OUTPUT=/scratch/el/monthly/bdeplanc/pezoldt/Analysis/Organoid/BAM/Disco_on_chip_S3.merged.GETagged.bam TAG=GE ANNOTATIONS_FILE=/scratch/el/monthly/bdeplanc/marjan/genomes/mouse/gtf/mm_m38r91.gtf    STRAND_TAG=GS FUNCTION_TAG=XF USE_STRAND_INFO=true ALLOW_MULTI_GENE_READS=false VERBOSITY=INFO QUIET=false VALIDATION_STRINGENCY=STRICT COMPRESSION_LEVEL=5 MAX_RECORDS_IN_RAM=500000 CREATE_INDEX=false CREATE_MD5_FILE=false GA4GH_CLIENT_SECRETS=client_secrets.json
[Fri Jan 04 18:54:48 CET 2019] Executing as bdeplanc@cpt09.el.vital-it.ch on Linux 2.6.32-696.23.1.el6.x86_64 amd64; Java HotSpot(TM) 64-Bit Server VM 1.8.0_112-b15; Picard version: 1.13(7bed8f4_1513008033)
INFO	2019-01-04 18:54:52	GTFParser	read       100,000 GTF records.  Elapsed time: 00:00:04s.  Time for last 100,000:    4s.  Last read position: 1:172,186,296
INFO	2019-01-04 18:54:56	GTFParser	read       200,000 GTF records.  Elapsed time: 00:00:07s.  Time for last 100,000:    3s.  Last read position: 2:106,699,408
INFO	2019-01-04 18:55:00	GTFParser	read       300,000 GTF records.  Elapsed time: 00:00:11s.  Time for last 100,000:    3s.  Last read position: X:98,763,705
INFO	2019-01-04 18:55:03	GTFParser	read       400,000 GTF records.  Elapsed time: 00:00:15s.  Time for last 100,000:    3s.  Last read position: 3:129,804,408
INFO	2019-01-04 18:55:07	GTFParser	read       500,000 GTF records.  Elapsed time: 00:00:18s.  Time for last 100,000:    3s.  Last read position: 4:141,022,044
INFO	2019-01-04 18:55:10	GTFParser	read       600,000 GTF records.  Elapsed time: 00:00:21s.  Time for last 100,000:    3s.  Last read position: 5:121,362,441
INFO	2019-01-04 18:55:14	GTFParser	read       700,000 GTF records.  Elapsed time: 00:00:25s.  Time for last 100,000:    4s.  Last read position: 6:107,194,374
INFO	2019-01-04 18:55:18	GTFParser	read       800,000 GTF records.  Elapsed time: 00:00:29s.  Time for last 100,000:    3s.  Last read position: 7:46,847,620
INFO	2019-01-04 18:55:21	GTFParser	read       900,000 GTF records.  Elapsed time: 00:00:32s.  Time for last 100,000:    3s.  Last read position: 10:26,017,505
INFO	2019-01-04 18:55:25	GTFParser	read     1,000,000 GTF records.  Elapsed time: 00:00:36s.  Time for last 100,000:    3s.  Last read position: 8:46,471,072
INFO	2019-01-04 18:55:28	GTFParser	read     1,100,000 GTF records.  Elapsed time: 00:00:39s.  Time for last 100,000:    3s.  Last read position: 14:52,163,184
INFO	2019-01-04 18:55:31	GTFParser	read     1,200,000 GTF records.  Elapsed time: 00:00:42s.  Time for last 100,000:    3s.  Last read position: 9:88,438,668
INFO	2019-01-04 18:55:36	GTFParser	read     1,300,000 GTF records.  Elapsed time: 00:00:47s.  Time for last 100,000:    4s.  Last read position: 11:74,269,391
INFO	2019-01-04 18:55:39	GTFParser	read     1,400,000 GTF records.  Elapsed time: 00:00:50s.  Time for last 100,000:    3s.  Last read position: 13:58,400,333
INFO	2019-01-04 18:55:42	GTFParser	read     1,500,000 GTF records.  Elapsed time: 00:00:53s.  Time for last 100,000:    3s.  Last read position: 15:10,587,838
INFO	2019-01-04 18:55:46	GTFParser	read     1,600,000 GTF records.  Elapsed time: 00:00:57s.  Time for last 100,000:    3s.  Last read position: 16:93,806,335
INFO	2019-01-04 18:55:49	GTFParser	read     1,700,000 GTF records.  Elapsed time: 00:01:00s.  Time for last 100,000:    3s.  Last read position: 18:35,718,348
INFO	2019-01-04 18:55:52	GTFReader	Chromosome disagreement(12, GL456233.1) in GTF file for gene U6 -- skipping
INFO	2019-01-04 18:55:52	GTFReader	gene GTFRecord(3:30594844-30595733	-	. [1600017P15Rik gene]) != GeneFromGTF(3:30594844-30595757	-	1600017P15Rik) -- skipping
INFO	2019-01-04 18:55:52	GTFReader	gene GTFRecord(4:132309465-132309600	+	. [Snora16a gene]) != GeneFromGTF(4:132309464-132309600	+	Snora16a) -- skipping
INFO	2019-01-04 18:55:52	GTFReader	gene GTFRecord(6:69326844-69327170	-	. [Rprl1 gene]) != GeneFromGTF(6:69326844-69327174	-	Rprl1) -- skipping
INFO	2019-01-04 18:55:52	GTFReader	gene GTFRecord(12:110596608-110597106	-	. [Gm35558 gene]) != GeneFromGTF(12:110596608-110601963	-	Gm35558) -- skipping
INFO	2019-01-04 18:55:52	GTFReader	gene GTFRecord(3:88693931-88694057	+	. [Gm25820 gene]) != GeneFromGTF(3:88693930-88694057	+	Gm25820) -- skipping
INFO	2019-01-04 18:55:53	GTFReader	gene GTFRecord(1:166377878-166379918	-	. [Gm15853 gene]) != GeneFromGTF(1:166377878-166380493	-	Gm15853) -- skipping
INFO	2019-01-04 18:55:53	GTFReader	gene GTFRecord(4:56897626-56897757	-	. [Gm25053 gene]) != GeneFromGTF(4:56897625-56897757	-	Gm25053) -- skipping
INFO	2019-01-04 18:55:53	GTFReader	gene GTFRecord(3:124398086-124398331	-	. [4921527H02Rik gene]) != GeneFromGTF(3:124398086-124399758	-	4921527H02Rik) -- skipping
INFO	2019-01-04 18:55:53	GTFReader	gene GTFRecord(2:106809336-106809458	+	. [Gm22813 gene]) != GeneFromGTF(2:106809335-106809458	+	Gm22813) -- skipping
INFO	2019-01-04 18:55:53	GTFReader	gene GTFRecord(5:4985111-4985237	-	. [Gm22897 gene]) != GeneFromGTF(5:4985111-4985238	-	Gm22897) -- skipping
INFO	2019-01-04 18:55:53	GTFReader	Strand disagreement in GTF file for gene Ighv5-8 -- skipping
INFO	2019-01-04 18:55:53	GTFReader	gene GTFRecord(12:82772321-82772456	-	. [Gm22149 gene]) != GeneFromGTF(12:82772320-82772456	-	Gm22149) -- skipping
INFO	2019-01-04 18:55:53	GTFReader	gene GTFRecord(13:101749720-101751888	-	. [Gm36638 gene]) != GeneFromGTF(13:101749720-101753205	-	Gm36638) -- skipping
INFO	2019-01-04 18:55:53	GTFReader	gene GTFRecord(4:106118968-106119080	-	. [Gm26047 gene]) != GeneFromGTF(4:106118968-106119082	-	Gm26047) -- skipping
INFO	2019-01-04 18:55:53	GTFReader	gene GTFRecord(7:81529855-81529981	+	. [Mir1839 gene]) != GeneFromGTF(7:81529855-81529988	+	Mir1839) -- skipping
INFO	2019-01-04 18:55:53	GTFReader	gene GTFRecord(18:35554492-35554632	+	. [Mir1949 gene]) != GeneFromGTF(18:35554492-35554636	+	Mir1949) -- skipping
INFO	2019-01-04 18:55:53	GTFReader	gene GTFRecord(6:53819974-53822150	+	. [Gm16499 gene]) != GeneFromGTF(6:53818743-53868183	+	Gm16499) -- skipping
INFO	2019-01-04 18:55:53	GTFReader	gene GTFRecord(4:74635219-74635350	+	. [Gm26379 gene]) != GeneFromGTF(4:74635214-74635351	+	Gm26379) -- skipping
INFO	2019-01-04 18:55:53	GTFReader	gene GTFRecord(2:129196086-129197126	-	. [Gm4430 gene]) != GeneFromGTF(2:129196086-129199194	-	Gm4430) -- skipping
INFO	2019-01-04 18:55:53	GTFReader	gene GTFRecord(11:116163910-116164035	-	. [Gm26413 gene]) != GeneFromGTF(11:116163910-116164036	-	Gm26413) -- skipping
INFO	2019-01-04 18:55:53	GTFReader	gene GTFRecord(3:93689841-93690037	+	. [Gm18433 gene]) != GeneFromGTF(3:93689841-93708267	+	Gm18433) -- skipping
INFO	2019-01-04 18:55:53	GTFReader	gene GTFRecord(10:86526299-86536337	-	. [Gm6729 gene]) != GeneFromGTF(10:86526299-86541334	-	Gm6729) -- skipping
INFO	2019-01-04 18:55:53	GTFReader	gene GTFRecord(8:63522920-63525878	+	. [Gm18645 gene]) != GeneFromGTF(8:63522920-63525881	+	Gm18645) -- skipping
INFO	2019-01-04 18:55:53	GTFReader	gene GTFRecord(1:161037604-161037680	+	. [Snord80 gene]) != GeneFromGTF(1:161037601-161037681	+	Snord80) -- skipping
INFO	2019-01-04 18:55:53	GTFReader	gene GTFRecord(2:158359797-158359928	-	. [Gm23925 gene]) != GeneFromGTF(2:158359797-158359929	-	Gm23925) -- skipping
INFO	2019-01-04 18:55:53	GTFReader	gene GTFRecord(8:45581616-45581747	-	. [Gm23604 gene]) != GeneFromGTF(8:45581615-45581751	-	Gm23604) -- skipping
INFO	2019-01-04 18:55:54	GTFReader	gene GTFRecord(2:33812957-33813326	+	. [Nron gene]) != GeneFromGTF(2:33805816-33813591	+	Nron) -- skipping
INFO	2019-01-04 18:55:54	GTFReader	gene GTFRecord(3:133579627-133579901	-	. [Gm23011 gene]) != GeneFromGTF(3:133579627-133588537	-	Gm23011) -- skipping
INFO	2019-01-04 18:55:54	GTFReader	gene GTFRecord(8:38982904-38983035	-	. [Gm23128 gene]) != GeneFromGTF(8:38982903-38983035	-	Gm23128) -- skipping
INFO	2019-01-04 18:55:54	GTFReader	gene GTFRecord(1:127331813-127331941	+	. [Gm23370 gene]) != GeneFromGTF(1:127331812-127331941	+	Gm23370) -- skipping
INFO	2019-01-04 18:55:54	GTFReader	gene GTFRecord(12:109532442-109532646	+	. [Gm27528 gene]) != GeneFromGTF(12:109530892-109532903	+	Gm27528) -- skipping
INFO	2019-01-04 18:55:54	GTFReader	gene GTFRecord(5:111329738-111330544	-	. [Gm27680 gene]) != GeneFromGTF(5:111329738-111330632	-	Gm27680) -- skipping
INFO	2019-01-04 18:55:54	GTFReader	gene GTFRecord(3:68901830-68902144	+	. [Gm20690 gene]) != GeneFromGTF(3:68901807-68902161	+	Gm20690) -- skipping
INFO	2019-01-04 18:55:54	GTFReader	gene GTFRecord(3:68846079-68847403	+	. [Gm7270 gene]) != GeneFromGTF(3:68846079-68847406	+	Gm7270) -- skipping
INFO	2019-01-04 18:55:54	GTFReader	gene GTFRecord(12:87437679-87437757	-	. [Mir3068 gene]) != GeneFromGTF(12:87437679-87437817	-	Mir3068) -- skipping
INFO	2019-01-04 18:55:54	GTFReader	gene GTFRecord(6:124138733-124139636	-	. [Vmn2r-ps34 gene]) != GeneFromGTF(6:124138733-124173146	-	Vmn2r-ps34) -- skipping
INFO	2019-01-04 18:55:54	GTFReader	Chromosome disagreement(JH584293.1, GL456350.1) in GTF file for gene Ccl21c -- skipping
INFO	2019-01-04 18:55:54	GTFReader	Chromosome disagreement(GL456350.1, 4) in GTF file for gene Ccl21b -- skipping
INFO	2019-01-04 18:55:54	GTFReader	Chromosome disagreement(JH584294.1, 4) in GTF file for gene Ccl21a -- skipping
INFO	2019-01-04 18:55:54	GTFReader	gene GTFRecord(3:68333197-68333777	+	. [Gm10292 gene]) != GeneFromGTF(3:68333196-68333780	+	Gm10292) -- skipping
INFO	2019-01-04 18:55:54	GTFReader	gene GTFRecord(5:16835914-16837658	+	. [Gm28710 gene]) != GeneFromGTF(5:16791810-16882052	+	Gm28710) -- skipping
INFO	2019-01-04 18:55:54	GTFReader	gene GTFRecord(11:87443237-87443451	+	. [Rnu3b1 gene]) != GeneFromGTF(11:87443237-87443452	+	Rnu3b1) -- skipping
INFO	2019-01-04 18:55:54	GTFReader	gene GTFRecord(11:87448627-87448841	+	. [Rnu3b3 gene]) != GeneFromGTF(11:87448627-87448842	+	Rnu3b3) -- skipping
INFO	2019-01-04 18:55:55	GTFReader	gene GTFRecord(11:87471368-87471582	+	. [Rnu3b2 gene]) != GeneFromGTF(11:87471368-87471583	+	Rnu3b2) -- skipping
INFO	2019-01-04 18:55:55	GTFReader	gene GTFRecord(11:87462286-87462500	+	. [Rnu3b4 gene]) != GeneFromGTF(11:87462286-87462501	+	Rnu3b4) -- skipping
INFO	2019-01-04 18:55:55	GTFReader	gene GTFRecord(3:13470439-13471829	-	. [Gm2464 gene]) != GeneFromGTF(3:13470439-13474596	-	Gm2464) -- skipping
INFO	2019-01-04 18:55:55	GTFReader	gene GTFRecord(10:128085289-128085360	+	. [Mir677 gene]) != GeneFromGTF(10:128085286-128085363	+	Mir677) -- skipping
INFO	2019-01-04 18:55:55	GTFReader	gene GTFRecord(12:114630680-114630973	+	. [Ighv1-13 gene]) != GeneFromGTF(12:114630680-114631111	+	Ighv1-13) -- skipping
INFO	2019-01-04 18:55:55	GTFReader	gene GTFRecord(7:61704519-61829422	-	. [A230057D06Rik gene]) != GeneFromGTF(7:61704519-61928690	-	A230057D06Rik) -- skipping
INFO	2019-01-04 18:56:23	TagReadWithGeneExon	Processed     1,000,000 records.  Elapsed time: 00:01:35s.  Time for last 1,000,000:   27s.  Last read position: 12:11,760,763
INFO	2019-01-04 18:56:49	TagReadWithGeneExon	Processed     2,000,000 records.  Elapsed time: 00:02:00s.  Time for last 1,000,000:   25s.  Last read position: 17:33,677,379
INFO	2019-01-04 18:57:15	TagReadWithGeneExon	Processed     3,000,000 records.  Elapsed time: 00:02:27s.  Time for last 1,000,000:   26s.  Last read position: 3:65,379,749
INFO	2019-01-04 18:57:41	TagReadWithGeneExon	Processed     4,000,000 records.  Elapsed time: 00:02:53s.  Time for last 1,000,000:   26s.  Last read position: 5:146,765,881
INFO	2019-01-04 18:58:08	TagReadWithGeneExon	Processed     5,000,000 records.  Elapsed time: 00:03:20s.  Time for last 1,000,000:   26s.  Last read position: 9:59,564,829
INFO	2019-01-04 18:58:28	TagReadWithGeneExon	Processed     6,000,000 records.  Elapsed time: 00:03:39s.  Time for last 1,000,000:   19s.  Last read position: */*
INFO	2019-01-04 18:58:42	TagReadWithGeneExon	Processed     7,000,000 records.  Elapsed time: 00:03:54s.  Time for last 1,000,000:   14s.  Last read position: */*
INFO	2019-01-04 18:58:56	TagReadWithGeneExon	Processed     8,000,000 records.  Elapsed time: 00:04:08s.  Time for last 1,000,000:   14s.  Last read position: */*
INFO	2019-01-04 18:59:11	TagReadWithGeneExon	Processed     9,000,000 records.  Elapsed time: 00:04:23s.  Time for last 1,000,000:   14s.  Last read position: */*
INFO	2019-01-04 18:59:26	TagReadWithGeneExon	Processed    10,000,000 records.  Elapsed time: 00:04:38s.  Time for last 1,000,000:   14s.  Last read position: */*
INFO	2019-01-04 18:59:41	TagReadWithGeneExon	Processed    11,000,000 records.  Elapsed time: 00:04:52s.  Time for last 1,000,000:   14s.  Last read position: */*
INFO	2019-01-04 18:59:56	TagReadWithGeneExon	Processed    12,000,000 records.  Elapsed time: 00:05:07s.  Time for last 1,000,000:   14s.  Last read position: */*
INFO	2019-01-04 19:00:10	TagReadWithGeneExon	Processed    13,000,000 records.  Elapsed time: 00:05:22s.  Time for last 1,000,000:   14s.  Last read position: */*
INFO	2019-01-04 19:00:25	TagReadWithGeneExon	Processed    14,000,000 records.  Elapsed time: 00:05:37s.  Time for last 1,000,000:   14s.  Last read position: */*
INFO	2019-01-04 19:00:40	TagReadWithGeneExon	Processed    15,000,000 records.  Elapsed time: 00:05:52s.  Time for last 1,000,000:   14s.  Last read position: */*
INFO	2019-01-04 19:00:47	TagReadWithGeneExon	TOTAL READS [5438422] CORRECT_STRAND [5237532]  WRONG_STRAND [72100] AMBIGUOUS_STRAND_FIXED [148494] AMBIGUOUS REJECTED READS [128790]
[Fri Jan 04 19:00:47 CET 2019] org.broadinstitute.dropseqrna.metrics.TagReadWithGeneExon done. Elapsed time: 5.98 minutes.
Runtime.totalMemory()=11810111488
[Fri Jan 04 19:00:48 CET 2019] org.broadinstitute.dropseqrna.beadsynthesis.DetectBeadSynthesisErrors OUTPUT_STATS=/scratch/el/monthly/bdeplanc/pezoldt/Analysis/Organoid/Results/synthesis_stats.txt INPUT=[/scratch/el/monthly/bdeplanc/pezoldt/Analysis/Organoid/BAM/Disco_on_chip_S3.merged.GETagged.bam] SUMMARY=/scratch/el/monthly/bdeplanc/pezoldt/Analysis/Organoid/Results/synthesis_stats_summary.txt OUTPUT=/scratch/el/monthly/bdeplanc/pezoldt/Analysis/Organoid/BAM/Disco_on_chip_S3.merged.GETagged.cleaned.bam PRIMER_SEQUENCE=AAGCAGTGGTATCAACGCAGAGTAC NUM_BARCODES=2000 CREATE_INDEX=true    EDIT_DISTANCE=0 CELL_BARCODE_TAG=XC MOLECULAR_BARCODE_TAG=XM GENE_EXON_TAG=GE STRAND_TAG=GS READ_MQ=10 MIN_UMIS_PER_CELL=25 MAX_NUM_ERRORS=1 VERBOSITY=INFO QUIET=false VALIDATION_STRINGENCY=STRICT COMPRESSION_LEVEL=5 MAX_RECORDS_IN_RAM=500000 CREATE_MD5_FILE=false GA4GH_CLIENT_SECRETS=client_secrets.json
[Fri Jan 04 19:00:48 CET 2019] Executing as bdeplanc@cpt09.el.vital-it.ch on Linux 2.6.32-696.23.1.el6.x86_64 amd64; Java HotSpot(TM) 64-Bit Server VM 1.8.0_112-b15; Picard version: 1.13(7bed8f4_1513008033)
INFO	2019-01-04 19:00:48	AbstractDetectBeadSynthesisErrors	Gathering barcodes for the top [2000] cells
INFO	2019-01-04 19:01:29	BAMTagHistogram	Processed    10,000,000 records.  Elapsed time: 00:00:40s.  Time for last 10,000,000:   40s.  Last read position: */*
INFO	2019-01-04 19:01:45	BarcodeListRetrieval	Looking for the top 2000 cell barcodes
INFO	2019-01-04 19:01:45	BarcodeListRetrieval	Selected 2000 core barcodes
INFO	2019-01-04 19:02:06	UMIIterator	Processed     1,000,000 records.  Elapsed time: 00:00:21s.  Time for last 1,000,000:   21s.  Last read position: 13:67,811,154
INFO	2019-01-04 19:02:45	UMIIterator	Processed     2,000,000 records.  Elapsed time: 00:00:59s.  Time for last 1,000,000:   38s.  Last read position: 19:10,199,168
INFO	2019-01-04 19:03:28	UMIIterator	Processed     3,000,000 records.  Elapsed time: 00:01:43s.  Time for last 1,000,000:   43s.  Last read position: 5:33,649,777
INFO	2019-01-04 19:03:54	UMIIterator	Processed     4,000,000 records.  Elapsed time: 00:02:09s.  Time for last 1,000,000:   25s.  Last read position: 9:22,072,451
INFO	2019-01-04 19:04:51	UMIIterator	Sorting finished.
INFO	2019-01-04 19:05:19	DetectBeadSynthesisErrors	Cleaning BAM
INFO	2019-01-04 19:05:34	DetectBeadSynthesisErrors	Processed     1,000,000 records.  Elapsed time: 00:00:15s.  Time for last 1,000,000:   15s.  Last read position: 12:11,760,763
INFO	2019-01-04 19:05:49	DetectBeadSynthesisErrors	Processed     2,000,000 records.  Elapsed time: 00:00:30s.  Time for last 1,000,000:   15s.  Last read position: 17:33,677,379
INFO	2019-01-04 19:06:04	DetectBeadSynthesisErrors	Processed     3,000,000 records.  Elapsed time: 00:00:45s.  Time for last 1,000,000:   15s.  Last read position: 3:65,379,749
INFO	2019-01-04 19:06:19	DetectBeadSynthesisErrors	Processed     4,000,000 records.  Elapsed time: 00:01:00s.  Time for last 1,000,000:   14s.  Last read position: 5:146,765,881
INFO	2019-01-04 19:06:35	DetectBeadSynthesisErrors	Processed     5,000,000 records.  Elapsed time: 00:01:15s.  Time for last 1,000,000:   15s.  Last read position: 9:59,564,829
INFO	2019-01-04 19:06:50	DetectBeadSynthesisErrors	Processed     6,000,000 records.  Elapsed time: 00:01:30s.  Time for last 1,000,000:   14s.  Last read position: */*
INFO	2019-01-04 19:07:04	DetectBeadSynthesisErrors	Processed     7,000,000 records.  Elapsed time: 00:01:45s.  Time for last 1,000,000:   14s.  Last read position: */*
INFO	2019-01-04 19:07:19	DetectBeadSynthesisErrors	Processed     8,000,000 records.  Elapsed time: 00:02:00s.  Time for last 1,000,000:   14s.  Last read position: */*
INFO	2019-01-04 19:07:34	DetectBeadSynthesisErrors	Processed     9,000,000 records.  Elapsed time: 00:02:14s.  Time for last 1,000,000:   14s.  Last read position: */*
INFO	2019-01-04 19:07:49	DetectBeadSynthesisErrors	Processed    10,000,000 records.  Elapsed time: 00:02:29s.  Time for last 1,000,000:   15s.  Last read position: */*
INFO	2019-01-04 19:08:04	DetectBeadSynthesisErrors	Processed    11,000,000 records.  Elapsed time: 00:02:44s.  Time for last 1,000,000:   14s.  Last read position: */*
INFO	2019-01-04 19:08:19	DetectBeadSynthesisErrors	Processed    12,000,000 records.  Elapsed time: 00:03:00s.  Time for last 1,000,000:   15s.  Last read position: */*
INFO	2019-01-04 19:08:34	DetectBeadSynthesisErrors	Processed    13,000,000 records.  Elapsed time: 00:03:15s.  Time for last 1,000,000:   15s.  Last read position: */*
INFO	2019-01-04 19:08:49	DetectBeadSynthesisErrors	Processed    14,000,000 records.  Elapsed time: 00:03:30s.  Time for last 1,000,000:   15s.  Last read position: */*
INFO	2019-01-04 19:09:04	DetectBeadSynthesisErrors	Processed    15,000,000 records.  Elapsed time: 00:03:45s.  Time for last 1,000,000:   14s.  Last read position: */*
[Fri Jan 04 19:09:11 CET 2019] org.broadinstitute.dropseqrna.beadsynthesis.DetectBeadSynthesisErrors done. Elapsed time: 8.38 minutes.
Runtime.totalMemory()=4358406144
[Fri Jan 04 19:09:12 CET 2019] org.broadinstitute.dropseqrna.metrics.BAMTagHistogram INPUT=/scratch/el/monthly/bdeplanc/pezoldt/Analysis/Organoid/BAM/Disco_on_chip_S3.merged.GETagged.cleaned.bam OUTPUT=/scratch/el/monthly/bdeplanc/pezoldt/Analysis/Organoid/Results/histogram_reads_cell_barcodes.txt.gz TAG=XC    FILTER_PCR_DUPLICATES=false READ_QUALITY=10 VERBOSITY=INFO QUIET=false VALIDATION_STRINGENCY=STRICT COMPRESSION_LEVEL=5 MAX_RECORDS_IN_RAM=500000 CREATE_INDEX=false CREATE_MD5_FILE=false GA4GH_CLIENT_SECRETS=client_secrets.json
[Fri Jan 04 19:09:12 CET 2019] Executing as bdeplanc@cpt09.el.vital-it.ch on Linux 2.6.32-696.23.1.el6.x86_64 amd64; Java HotSpot(TM) 64-Bit Server VM 1.8.0_112-b15; Picard version: 1.13(7bed8f4_1513008033)
INFO	2019-01-04 19:09:55	BAMTagHistogram	Processed    10,000,000 records.  Elapsed time: 00:00:43s.  Time for last 10,000,000:   43s.  Last read position: */*
[Fri Jan 04 19:10:14 CET 2019] org.broadinstitute.dropseqrna.metrics.BAMTagHistogram done. Elapsed time: 1.04 minutes.
Runtime.totalMemory()=2449997824
[Fri Jan 04 19:10:15 CET 2019] org.broadinstitute.dropseqrna.barnyard.DigitalExpression SUMMARY=/scratch/el/monthly/bdeplanc/pezoldt/Analysis/Organoid/Results/dge_summary.txt OUTPUT=UMI.counts.dge.txt.gz INPUT=/scratch/el/monthly/bdeplanc/pezoldt/Analysis/Organoid/BAM/Disco_on_chip_S3.merged.GETagged.cleaned.bam NUM_CORE_BARCODES=1000    OUTPUT_READS_INSTEAD=false CELL_BARCODE_TAG=XC MOLECULAR_BARCODE_TAG=XM GENE_EXON_TAG=GE STRAND_TAG=GS EDIT_DISTANCE=1 READ_MQ=10 MIN_BC_READ_THRESHOLD=0 USE_STRAND_INFO=true RARE_UMI_FILTER_THRESHOLD=0.0 VERBOSITY=INFO QUIET=false VALIDATION_STRINGENCY=STRICT COMPRESSION_LEVEL=5 MAX_RECORDS_IN_RAM=500000 CREATE_INDEX=false CREATE_MD5_FILE=false GA4GH_CLIENT_SECRETS=client_secrets.json
[Fri Jan 04 19:10:15 CET 2019] Executing as bdeplanc@cpt09.el.vital-it.ch on Linux 2.6.32-696.23.1.el6.x86_64 amd64; Java HotSpot(TM) 64-Bit Server VM 1.8.0_112-b15; Picard version: 1.13(7bed8f4_1513008033)
INFO	2019-01-04 19:10:56	BAMTagHistogram	Processed    10,000,000 records.  Elapsed time: 00:00:41s.  Time for last 10,000,000:   41s.  Last read position: */*
INFO	2019-01-04 19:11:12	BarcodeListRetrieval	Looking for the top 1000 cell barcodes
INFO	2019-01-04 19:11:12	BarcodeListRetrieval	Selected 1000 core barcodes
INFO	2019-01-04 19:11:12	DigitalExpression	Calculating digital expression for [1000] cells.
INFO	2019-01-04 19:11:23	UMIIterator	Processed     1,000,000 records.  Elapsed time: 00:00:11s.  Time for last 1,000,000:   11s.  Last read position: 13:94,842,674
INFO	2019-01-04 19:11:44	UMIIterator	Processed     2,000,000 records.  Elapsed time: 00:00:32s.  Time for last 1,000,000:   21s.  Last read position: 19:43,664,029
INFO	2019-01-04 19:12:04	UMIIterator	Processed     3,000,000 records.  Elapsed time: 00:00:51s.  Time for last 1,000,000:   19s.  Last read position: 5:108,433,308
INFO	2019-01-04 19:12:22	UMIIterator	Processed     4,000,000 records.  Elapsed time: 00:01:10s.  Time for last 1,000,000:   18s.  Last read position: 9:61,913,930
INFO	2019-01-04 19:13:11	UMIIterator	Sorting finished.
[Fri Jan 04 19:13:37 CET 2019] org.broadinstitute.dropseqrna.barnyard.DigitalExpression done. Elapsed time: 3.37 minutes.
Runtime.totalMemory()=6526337024
Started analysis of Disco_on_chip_S3.fastq.gz
Approx 5% complete for Disco_on_chip_S3.fastq.gz
Approx 10% complete for Disco_on_chip_S3.fastq.gz
Approx 15% complete for Disco_on_chip_S3.fastq.gz
Approx 20% complete for Disco_on_chip_S3.fastq.gz
Approx 25% complete for Disco_on_chip_S3.fastq.gz
Approx 30% complete for Disco_on_chip_S3.fastq.gz
Approx 35% complete for Disco_on_chip_S3.fastq.gz
Approx 40% complete for Disco_on_chip_S3.fastq.gz
Approx 45% complete for Disco_on_chip_S3.fastq.gz
Approx 50% complete for Disco_on_chip_S3.fastq.gz
Approx 55% complete for Disco_on_chip_S3.fastq.gz
Approx 60% complete for Disco_on_chip_S3.fastq.gz
Approx 65% complete for Disco_on_chip_S3.fastq.gz
Approx 70% complete for Disco_on_chip_S3.fastq.gz
Approx 75% complete for Disco_on_chip_S3.fastq.gz
Approx 80% complete for Disco_on_chip_S3.fastq.gz
Approx 85% complete for Disco_on_chip_S3.fastq.gz
Approx 90% complete for Disco_on_chip_S3.fastq.gz
Approx 95% complete for Disco_on_chip_S3.fastq.gz
Started analysis of Disco_on_chip_S3.bam
Approx 5% complete for Disco_on_chip_S3.bam
Approx 10% complete for Disco_on_chip_S3.bam
Approx 15% complete for Disco_on_chip_S3.bam
Approx 20% complete for Disco_on_chip_S3.bam
Approx 25% complete for Disco_on_chip_S3.bam
Approx 30% complete for Disco_on_chip_S3.bam
Approx 35% complete for Disco_on_chip_S3.bam
Approx 40% complete for Disco_on_chip_S3.bam
Approx 45% complete for Disco_on_chip_S3.bam
Approx 50% complete for Disco_on_chip_S3.bam
Approx 55% complete for Disco_on_chip_S3.bam
Approx 60% complete for Disco_on_chip_S3.bam
Approx 65% complete for Disco_on_chip_S3.bam
Approx 70% complete for Disco_on_chip_S3.bam
Approx 75% complete for Disco_on_chip_S3.bam
Approx 80% complete for Disco_on_chip_S3.bam
Approx 85% complete for Disco_on_chip_S3.bam
Approx 90% complete for Disco_on_chip_S3.bam
Approx 95% complete for Disco_on_chip_S3.bam
Approx 100% complete for Disco_on_chip_S3.bam
